<?xml version="1.0" encoding="UTF-8"?>
<!-- Generated by org.testng.reporters.JUnitXMLReporter -->
<testsuite ignored="0" hostname="LAPTOP-EP069KG9" failures="1" tests="4" name="Test" time="20.859" errors="0" timestamp="2025-06-10T09:27:21 IST">
  <testcase classname="omayo.testcases.SingleSelectDropDownVerification" name="SingleSelctDropDown" time="0.174"/>
  <testcase classname="omayo.testcases.MultiSelectDropDownVerification" name="multiSelectVerification" time="0.169"/>
  <testcase classname="omayo.testcases.HomePageTestCase" name="verifyHomePage" time="0.051">
    <failure type="java.lang.AssertionError" message="female button is not selected expected [true] but found [false]">
      <![CDATA[java.lang.AssertionError: female button is not selected expected [true] but found [false]
at omayo.testcases.HomePageTestCase.verifyHomePage(HomePageTestCase.java:17)
at java.base/java.util.concurrent.Executors$RunnableAdapter.call(Executors.java:539)
at java.base/java.util.concurrent.FutureTask.run(FutureTask.java:264)
at java.base/java.util.concurrent.ThreadPoolExecutor.runWorker(ThreadPoolExecutor.java:1136)
at java.base/java.util.concurrent.ThreadPoolExecutor$Worker.run(ThreadPoolExecutor.java:635)
at java.base/java.lang.Thread.run(Thread.java:842)
... Removed 16 stack frames]]>
    </failure>
  </testcase> <!-- verifyHomePage -->
  <testcase classname="omayo.testcases.VerifyTourLoginUsingSignInAndPassword" name="signUpVerification" time="2.813"/>
</testsuite> <!-- Test -->
