<?xml version="1.0" encoding="UTF-8"?>
<testng-results ignored="0" total="4" passed="3" failed="1" skipped="0">
  <reporter-output>
    <line>
      <![CDATA[Test case started]]>
    </line>
    <line>
      <![CDATA[Test case started]]>
    </line>
    <line>
      <![CDATA[Test case Succeded ]]>
    </line>
    <line>
      <![CDATA[Test case Succeded ]]>
    </line>
    <line>
      <![CDATA[Test case started]]>
    </line>
    <line>
      <![CDATA[Test case Failed ]]>
    </line>
    <line>
      <![CDATA[Test case started]]>
    </line>
    <line>
      <![CDATA[Test case Succeded ]]>
    </line>
  </reporter-output>
  <suite started-at="2025-06-10T09:27:00 IST" name="Suite" finished-at="2025-06-10T09:27:21 IST" duration-ms="20859">
    <groups>
    </groups>
    <test started-at="2025-06-10T09:27:00 IST" name="Test" finished-at="2025-06-10T09:27:21 IST" duration-ms="20859">
      <class name="omayo.testcases.SingleSelectDropDownVerification">
        <test-method is-config="true" signature="setup()[pri:0, instance:omayo.testcases.SingleSelectDropDownVerification@2362f559]" started-at="2025-06-10T09:27:00 IST" name="setup" finished-at="2025-06-10T09:27:12 IST" duration-ms="11934" status="PASS">
          <reporter-output>
          </reporter-output>
        </test-method> <!-- setup -->
        <test-method signature="SingleSelctDropDown()[pri:0, instance:omayo.testcases.SingleSelectDropDownVerification@2362f559]" started-at="2025-06-10T09:27:12 IST" name="SingleSelctDropDown" finished-at="2025-06-10T09:27:12 IST" duration-ms="174" status="PASS">
          <reporter-output>
            <line>
              <![CDATA[Test case started]]>
            </line>
            <line>
              <![CDATA[Test case Succeded ]]>
            </line>
          </reporter-output>
        </test-method> <!-- SingleSelctDropDown -->
        <test-method is-config="true" signature="tearDown()[pri:0, instance:omayo.testcases.SingleSelectDropDownVerification@2362f559]" started-at="2025-06-10T09:27:12 IST" name="tearDown" finished-at="2025-06-10T09:27:12 IST" duration-ms="193" status="PASS">
          <reporter-output>
          </reporter-output>
        </test-method> <!-- tearDown -->
      </class> <!-- omayo.testcases.SingleSelectDropDownVerification -->
      <class name="omayo.testcases.HomePageTestCase">
        <test-method is-config="true" signature="setup()[pri:0, instance:omayo.testcases.HomePageTestCase@662ac478]" started-at="2025-06-10T09:27:00 IST" name="setup" finished-at="2025-06-10T09:27:14 IST" duration-ms="13819" status="PASS">
          <reporter-output>
          </reporter-output>
        </test-method> <!-- setup -->
        <test-method signature="verifyHomePage()[pri:0, instance:omayo.testcases.HomePageTestCase@662ac478]" started-at="2025-06-10T09:27:14 IST" name="verifyHomePage" finished-at="2025-06-10T09:27:14 IST" duration-ms="51" status="FAIL">
          <exception class="java.lang.AssertionError">
            <message>
              <![CDATA[female button is not selected expected [true] but found [false]]]>
            </message>
            <full-stacktrace>
              <![CDATA[java.lang.AssertionError: female button is not selected expected [true] but found [false]
at org.testng.Assert.fail(Assert.java:111)
at org.testng.Assert.failNotEquals(Assert.java:1590)
at org.testng.Assert.assertTrue(Assert.java:57)
at omayo.testcases.HomePageTestCase.verifyHomePage(HomePageTestCase.java:17)
at java.base/jdk.internal.reflect.NativeMethodAccessorImpl.invoke0(Native Method)
at java.base/jdk.internal.reflect.NativeMethodAccessorImpl.invoke(NativeMethodAccessorImpl.java:77)
at java.base/jdk.internal.reflect.DelegatingMethodAccessorImpl.invoke(DelegatingMethodAccessorImpl.java:43)
at java.base/java.lang.reflect.Method.invoke(Method.java:568)
at org.testng.internal.invokers.MethodInvocationHelper.invokeMethod(MethodInvocationHelper.java:141)
at org.testng.internal.invokers.TestInvoker.invokeMethod(TestInvoker.java:687)
at org.testng.internal.invokers.TestInvoker.invokeTestMethod(TestInvoker.java:230)
at org.testng.internal.invokers.MethodRunner.runInSequence(MethodRunner.java:63)
at org.testng.internal.invokers.TestInvoker$MethodInvocationAgent.invoke(TestInvoker.java:995)
at org.testng.internal.invokers.TestInvoker.invokeTestMethods(TestInvoker.java:203)
at org.testng.internal.invokers.TestMethodWorker.invokeTestMethods(TestMethodWorker.java:154)
at org.testng.internal.invokers.TestMethodWorker.run(TestMethodWorker.java:134)
at java.base/java.util.concurrent.Executors$RunnableAdapter.call(Executors.java:539)
at java.base/java.util.concurrent.FutureTask.run(FutureTask.java:264)
at org.testng.internal.thread.graph.TestNGFutureTask.run(TestNGFutureTask.java:22)
at java.base/java.util.concurrent.ThreadPoolExecutor.runWorker(ThreadPoolExecutor.java:1136)
at java.base/java.util.concurrent.ThreadPoolExecutor$Worker.run(ThreadPoolExecutor.java:635)
at java.base/java.lang.Thread.run(Thread.java:842)
]]>
            </full-stacktrace>
          </exception> <!-- java.lang.AssertionError -->
          <reporter-output>
            <line>
              <![CDATA[Test case started]]>
            </line>
            <line>
              <![CDATA[Test case Failed ]]>
            </line>
          </reporter-output>
        </test-method> <!-- verifyHomePage -->
        <test-method is-config="true" signature="tearDown()[pri:0, instance:omayo.testcases.HomePageTestCase@662ac478]" started-at="2025-06-10T09:27:14 IST" name="tearDown" finished-at="2025-06-10T09:27:14 IST" duration-ms="159" status="PASS">
          <reporter-output>
          </reporter-output>
        </test-method> <!-- tearDown -->
      </class> <!-- omayo.testcases.HomePageTestCase -->
      <class name="omayo.testcases.VerifyTourLoginUsingSignInAndPassword">
        <test-method is-config="true" signature="setup()[pri:0, instance:omayo.testcases.VerifyTourLoginUsingSignInAndPassword@b2c9a9c]" started-at="2025-06-10T09:27:12 IST" name="setup" finished-at="2025-06-10T09:27:18 IST" duration-ms="5492" status="PASS">
          <reporter-output>
          </reporter-output>
        </test-method> <!-- setup -->
        <test-method signature="signUpVerification()[pri:0, instance:omayo.testcases.VerifyTourLoginUsingSignInAndPassword@b2c9a9c]" started-at="2025-06-10T09:27:18 IST" name="signUpVerification" description="Verifying Successful Login" finished-at="2025-06-10T09:27:21 IST" duration-ms="2813" status="PASS">
          <reporter-output>
            <line>
              <![CDATA[Test case started]]>
            </line>
            <line>
              <![CDATA[Test case Succeded ]]>
            </line>
          </reporter-output>
        </test-method> <!-- signUpVerification -->
        <test-method is-config="true" signature="tearDown()[pri:0, instance:omayo.testcases.VerifyTourLoginUsingSignInAndPassword@b2c9a9c]" started-at="2025-06-10T09:27:21 IST" name="tearDown" finished-at="2025-06-10T09:27:21 IST" duration-ms="161" status="PASS">
          <reporter-output>
          </reporter-output>
        </test-method> <!-- tearDown -->
      </class> <!-- omayo.testcases.VerifyTourLoginUsingSignInAndPassword -->
      <class name="omayo.testcases.MultiSelectDropDownVerification">
        <test-method is-config="true" signature="setup()[pri:0, instance:omayo.testcases.MultiSelectDropDownVerification@7817fd62]" started-at="2025-06-10T09:27:00 IST" name="setup" finished-at="2025-06-10T09:27:12 IST" duration-ms="12046" status="PASS">
          <reporter-output>
          </reporter-output>
        </test-method> <!-- setup -->
        <test-method signature="multiSelectVerification()[pri:0, instance:omayo.testcases.MultiSelectDropDownVerification@7817fd62]" started-at="2025-06-10T09:27:12 IST" name="multiSelectVerification" finished-at="2025-06-10T09:27:12 IST" duration-ms="169" status="PASS">
          <reporter-output>
            <line>
              <![CDATA[Test case started]]>
            </line>
            <line>
              <![CDATA[Test case Succeded ]]>
            </line>
          </reporter-output>
        </test-method> <!-- multiSelectVerification -->
        <test-method is-config="true" signature="tearDown()[pri:0, instance:omayo.testcases.MultiSelectDropDownVerification@7817fd62]" started-at="2025-06-10T09:27:12 IST" name="tearDown" finished-at="2025-06-10T09:27:12 IST" duration-ms="180" status="PASS">
          <reporter-output>
          </reporter-output>
        </test-method> <!-- tearDown -->
      </class> <!-- omayo.testcases.MultiSelectDropDownVerification -->
    </test> <!-- Test -->
  </suite> <!-- Suite -->
</testng-results>
